<?xml version="1.0" encoding="utf-8"?><testsuites><testsuite name="pytest" errors="0" failures="0" skipped="0" tests="30" time="417.453" timestamp="2026-05-07T09:50:43.032562" hostname="RAKESHGAMIDI"><testcase classname="tests.test_notes_api.TestNotesAPI" name="test_api_health_check" time="0.987" /><testcase classname="tests.test_notes_api.TestNotesAPI" name="test_get_all_notes" time="2.325" /><testcase classname="tests.test_login.TestLogin" name="test_valid_login" time="13.595" /><testcase classname="tests.test_notes_api.TestNotesAPI" name="test_get_notes_returns_list" time="2.586" /><testcase classname="tests.test_notes_api.TestNotesAPI" name="test_create_note_api" time="1.770" /><testcase classname="tests.test_notes_api.TestNotesAPI" name="test_get_note_by_id" time="2.511" /><testcase classname="tests.test_notes_api.TestNotesAPI" name="test_delete_note_api" time="2.379" /><testcase classname="tests.test_notes_api.TestNotesAPI" name="test_update_note_api" time="2.273" /><testcase classname="tests.test_notes_api.TestNotesAPI" name="test_get_notes_response_time" time="1.934" /><testcase classname="tests.test_login.TestLogin" name="test_login_redirects_to_notes" time="32.880" /><testcase classname="tests.test_notes_api.TestNotesAPI" name="test_create_note_response_time" time="2.249" /><testcase classname="tests.test_notes_api.TestNotesAPI" name="test_get_notes_without_auth" time="0.562" /><testcase classname="tests.test_notes_api.TestNotesAPI" name="test_delete_nonexistent_note" time="1.594" /><testcase classname="tests.test_notes_api.TestNotesAPI" name="test_note_response_schema" time="1.561" /><testcase classname="tests.test_login.TestLogin" name="test_invalid_email" time="41.376" /><testcase classname="tests.test_notes_ui.TestNotesUI" name="test_create_note_home_category" time="37.277" /><testcase classname="tests.test_notes_ui.TestNotesUI" name="test_create_note_work_category" time="16.749" /><testcase classname="tests.test_login.TestLogin" name="test_invalid_password" time="42.890" /><testcase classname="tests.test_notes_ui.TestNotesUI" name="test_create_note_personal_category" time="37.028" /><testcase classname="tests.test_notes_ui.TestNotesUI" name="test_note_appears_instantly_after_creation" time="24.955" /><testcase classname="tests.test_login.TestLogin" name="test_empty_email" time="41.064" /><testcase classname="tests.test_login.TestLogin" name="test_empty_password" time="41.953" /><testcase classname="tests.test_notes_ui.TestNotesUI" name="test_multiple_notes_creation" time="46.746" /><testcase classname="tests.test_notes_ui.TestNotesUI" name="test_delete_note_via_ui" time="39.063" /><testcase classname="tests.test_login.TestLogin" name="test_both_fields_empty" time="42.435" /><testcase classname="tests.test_login.TestLogin" name="test_login_page_elements_displayed" time="29.327" /><testcase classname="tests.test_e2e.TestE2E" name="test_ui_create_api_verify" time="36.699" /><testcase classname="tests.test_e2e.TestE2E" name="test_api_delete_ui_verify" time="32.764" /><testcase classname="tests.test_e2e.TestE2E" name="test_full_crud_hybrid" time="57.635" /><testcase classname="tests.test_e2e.TestE2E" name="test_ui_page_load_performance" time="13.984" /></testsuite></testsuites>